#
# There is insufficient memory for the Java Runtime Environment to continue.
# Native memory allocation (malloc) failed to allocate 730416 bytes for Chunk::new
# Possible reasons:
#   The system is out of physical RAM or swap space
#   The process is running with CompressedOops enabled, and the Java Heap may be blocking the growth of the native heap
# Possible solutions:
#   Reduce memory load on the system
#   Increase physical memory or swap space
#   Check if swap backing store is full
#   Decrease Java heap size (-Xmx/-Xms)
#   Decrease number of Java threads
#   Decrease Java thread stack sizes (-Xss)
#   Set larger code cache with -XX:ReservedCodeCacheSize=
#   JVM is running with Unscaled Compressed Oops mode in which the Java heap is
#     placed in the first 4GB address space. The Java Heap base address is the
#     maximum limit for the native heap growth. Please use -XX:HeapBaseMinAddress
#     to set the Java Heap base and to place the Java Heap above 4GB virtual address.
# This output file may be truncated or incomplete.
#
#  Out of Memory Error (allocation.cpp:389), pid=19312, tid=0x000000000000372c
#
# JRE version: Java(TM) SE Runtime Environment (8.0_281-b09) (build 1.8.0_281-b09)
# Java VM: Java HotSpot(TM) 64-Bit Server VM (25.281-b09 mixed mode windows-amd64 compressed oops)
# Failed to write core dump. Minidumps are not enabled by default on client versions of Windows
#

---------------  T H R E A D  ---------------

Current thread (0x00000205ffd41800):  JavaThread "C2 CompilerThread1" daemon [_thread_in_native, id=14124, stack(0x000000ff25e00000,0x000000ff25f00000)]

Stack: [0x000000ff25e00000,0x000000ff25f00000]
Native frames: (J=compiled Java code, j=interpreted, Vv=VM code, C=native code)
V  [jvm.dll+0x32e5b9]


Current CompileTask:
C2:   2895 1588       4       java.net.URLClassLoader$1::run (5 bytes)


---------------  P R O C E S S  ---------------

Java Threads: ( => current thread )
  0x0000020583285800 JavaThread "Cache worker for journal cache (C:\Users\TAN\.gradle\caches\journal-1)" [_thread_blocked, id=5104, stack(0x000000ff27100000,0x000000ff27200000)]
  0x0000020583283000 JavaThread "File lock request listener" [_thread_in_native, id=1512, stack(0x000000ff27000000,0x000000ff27100000)]
  0x0000020583287800 JavaThread "Cache worker for file hash cache (C:\Users\TAN\.gradle\caches\6.7\fileHashes)" [_thread_blocked, id=12084, stack(0x000000ff26f00000,0x000000ff27000000)]
  0x0000020583284000 JavaThread "Thread-9" [_thread_blocked, id=14332, stack(0x000000ff26e00000,0x000000ff26f00000)]
  0x000002058144b000 JavaThread "Stdin handler" [_thread_blocked, id=7744, stack(0x000000ff26d00000,0x000000ff26e00000)]
  0x0000020581449000 JavaThread "Asynchronous log dispatcher for DefaultDaemonConnection: socket connection from /127.0.0.1:62237 to /127.0.0.1:62238" [_thread_blocked, id=19096, stack(0x000000ff26c00000,0x000000ff26d00000)]
  0x0000020581449800 JavaThread "Daemon worker" [_thread_blocked, id=1972, stack(0x000000ff26b00000,0x000000ff26c00000)]
  0x000002058144a800 JavaThread "Cancel handler" [_thread_blocked, id=12532, stack(0x000000ff26a00000,0x000000ff26b00000)]
  0x0000020581446800 JavaThread "Handler for socket connection from /127.0.0.1:62237 to /127.0.0.1:62238" [_thread_in_native, id=8860, stack(0x000000ff26900000,0x000000ff26a00000)]
  0x0000020581446000 JavaThread "Daemon" [_thread_blocked, id=18052, stack(0x000000ff26800000,0x000000ff26900000)]
  0x0000020581448000 JavaThread "Daemon periodic checks" [_thread_blocked, id=18112, stack(0x000000ff26700000,0x000000ff26800000)]
  0x0000020581445000 JavaThread "Incoming local TCP Connector on port 62237" [_thread_in_native, id=18008, stack(0x000000ff26600000,0x000000ff26700000)]
  0x000002058144c000 JavaThread "Daemon health stats" [_thread_blocked, id=11256, stack(0x000000ff26300000,0x000000ff26400000)]
  0x00000205ffdbe000 JavaThread "Service Thread" daemon [_thread_blocked, id=4912, stack(0x000000ff26100000,0x000000ff26200000)]
  0x00000205ffd53000 JavaThread "C1 CompilerThread3" daemon [_thread_blocked, id=14656, stack(0x000000ff26000000,0x000000ff26100000)]
  0x00000205ffd4e800 JavaThread "C2 CompilerThread2" daemon [_thread_in_native, id=19376, stack(0x000000ff25f00000,0x000000ff26000000)]
=>0x00000205ffd41800 JavaThread "C2 CompilerThread1" daemon [_thread_in_native, id=14124, stack(0x000000ff25e00000,0x000000ff25f00000)]
  0x00000205ffd3f000 JavaThread "C2 CompilerThread0" daemon [_thread_in_native, id=1852, stack(0x000000ff25d00000,0x000000ff25e00000)]
  0x00000205ffd3b800 JavaThread "Attach Listener" daemon [_thread_blocked, id=17376, stack(0x000000ff25c00000,0x000000ff25d00000)]
  0x00000205ffd3a800 JavaThread "Signal Dispatcher" daemon [_thread_blocked, id=18552, stack(0x000000ff25b00000,0x000000ff25c00000)]
  0x00000205ffd18800 JavaThread "Finalizer" daemon [_thread_blocked, id=18324, stack(0x000000ff25a00000,0x000000ff25b00000)]
  0x00000205ffd09800 JavaThread "Reference Handler" daemon [_thread_blocked, id=19388, stack(0x000000ff25900000,0x000000ff25a00000)]
  0x00000205ec7a1000 JavaThread "main" [_thread_blocked, id=11948, stack(0x000000ff24f00000,0x000000ff25000000)]

Other Threads:
  0x00000205ffce2800 VMThread [stack: 0x000000ff25800000,0x000000ff25900000] [id=1380]
  0x000002058113b800 WatcherThread [stack: 0x000000ff26200000,0x000000ff26300000] [id=19324]

VM state:at safepoint (normal execution)

VM Mutex/Monitor currently owned by a thread:  ([mutex/lock_event])
[0x00000205ec79a720] Threads_lock - owner thread: 0x00000205ffce2800
[0x00000205ec79f500] Heap_lock - owner thread: 0x0000020581449800

heap address: 0x00000000e0000000, size: 512 MB, Compressed Oops mode: 32-bit
Narrow klass base: 0x0000000000000000, Narrow klass shift: 3
Compressed class space size: 1073741824 Address: 0x0000000100000000

Heap:
 PSYoungGen      total 76288K, used 52126K [0x00000000f5580000, 0x00000000faa80000, 0x0000000100000000)
  eden space 65536K, 64% used [0x00000000f5580000,0x00000000f7eff3d0,0x00000000f9580000)
  from space 10752K, 89% used [0x00000000fa000000,0x00000000fa968500,0x00000000faa80000)
  to   space 10752K, 23% used [0x00000000f9580000,0x00000000f97f9f90,0x00000000fa000000)
 ParOldGen       total 175104K, used 24K [0x00000000e0000000, 0x00000000eab00000, 0x00000000f5580000)
  object space 175104K, 0% used [0x00000000e0000000,0x00000000e0006000,0x00000000eab00000)
 Metaspace       used 17506K, capacity 17994K, committed 18048K, reserved 1069056K
  class space    used 2541K, capacity 2683K, committed 2688K, reserved 1048576K

Card table byte_map: [0x00000205fd560000,0x00000205fd670000] byte_map_base: 0x00000205fce60000

Marking Bits: (ParMarkBitMap*) 0x00000000625f6ff0
 Begin Bits: [0x00000205fd720000, 0x00000205fdf20000)
 End Bits:   [0x00000205fdf20000, 0x00000205fe720000)

Polling page: 0x00000205ec930000

CodeCache: size=245760Kb used=5933Kb max_used=5945Kb free=239826Kb
 bounds [0x00000205ee1a0000, 0x00000205ee780000, 0x00000205fd1a0000]
 total_blobs=2106 nmethods=1706 adapters=312
 compilation: enabled

Compilation events (10 events):
Event: 2.859 Thread 0x00000205ffd53000 1709       3       sun.reflect.generics.visitor.Reifier::visitClassTypeSignature (381 bytes)
Event: 2.862 Thread 0x00000205ffd53000 nmethod 1709 0x00000205ee767290 code [0x00000205ee7676a0, 0x00000205ee7697f0]
Event: 2.867 Thread 0x00000205ffd3f000 nmethod 1686% 0x00000205ee76ecd0 code [0x00000205ee76ef60, 0x00000205ee76ffd0]
Event: 2.867 Thread 0x00000205ffd3f000 1687       4       com.google.common.base.CharMatcher::indexIn (48 bytes)
Event: 2.871 Thread 0x00000205ffd3f000 nmethod 1687 0x00000205ee76b950 code [0x00000205ee76baa0, 0x00000205ee76bc98]
Event: 2.871 Thread 0x00000205ffd3f000 1705 %     4       com.google.common.io.LineBuffer::add @ 47 (204 bytes)
Event: 2.873 Thread 0x00000205ffd53000 1710       3       sun.misc.ProxyGenerator::access$700 (7 bytes)
Event: 2.873 Thread 0x00000205ffd53000 nmethod 1710 0x00000205ee76b4d0 code [0x00000205ee76b640, 0x00000205ee76b830]
Event: 2.877 Thread 0x00000205ffd53000 1711       3       java.util.concurrent.locks.AbstractQueuedSynchronizer::release (33 bytes)
Event: 2.877 Thread 0x00000205ffd53000 nmethod 1711 0x00000205ee76e750 code [0x00000205ee76e8c0, 0x00000205ee76ebe0]

GC Heap History (4 events):
Event: 1.263 GC heap before
{Heap before GC invocations=1 (full 0):
 PSYoungGen      total 76288K, used 65536K [0x00000000f5580000, 0x00000000faa80000, 0x0000000100000000)
  eden space 65536K, 100% used [0x00000000f5580000,0x00000000f9580000,0x00000000f9580000)
  from space 10752K, 0% used [0x00000000fa000000,0x00000000fa000000,0x00000000faa80000)
  to   space 10752K, 0% used [0x00000000f9580000,0x00000000f9580000,0x00000000fa000000)
 ParOldGen       total 175104K, used 0K [0x00000000e0000000, 0x00000000eab00000, 0x00000000f5580000)
  object space 175104K, 0% used [0x00000000e0000000,0x00000000e0000000,0x00000000eab00000)
 Metaspace       used 7816K, capacity 8030K, committed 8320K, reserved 1056768K
  class space    used 972K, capacity 1037K, committed 1152K, reserved 1048576K
Event: 1.271 GC heap after
Heap after GC invocations=1 (full 0):
 PSYoungGen      total 76288K, used 6170K [0x00000000f5580000, 0x00000000faa80000, 0x0000000100000000)
  eden space 65536K, 0% used [0x00000000f5580000,0x00000000f5580000,0x00000000f9580000)
  from space 10752K, 57% used [0x00000000f9580000,0x00000000f9b86a80,0x00000000fa000000)
  to   space 10752K, 0% used [0x00000000fa000000,0x00000000fa000000,0x00000000faa80000)
 ParOldGen       total 175104K, used 16K [0x00000000e0000000, 0x00000000eab00000, 0x00000000f5580000)
  object space 175104K, 0% used [0x00000000e0000000,0x00000000e0004000,0x00000000eab00000)
 Metaspace       used 7816K, capacity 8030K, committed 8320K, reserved 1056768K
  class space    used 972K, capacity 1037K, committed 1152K, reserved 1048576K
}
Event: 2.485 GC heap before
{Heap before GC invocations=2 (full 0):
 PSYoungGen      total 76288K, used 71706K [0x00000000f5580000, 0x00000000faa80000, 0x0000000100000000)
  eden space 65536K, 100% used [0x00000000f5580000,0x00000000f9580000,0x00000000f9580000)
  from space 10752K, 57% used [0x00000000f9580000,0x00000000f9b86a80,0x00000000fa000000)
  to   space 10752K, 0% used [0x00000000fa000000,0x00000000fa000000,0x00000000faa80000)
 ParOldGen       total 175104K, used 16K [0x00000000e0000000, 0x00000000eab00000, 0x00000000f5580000)
  object space 175104K, 0% used [0x00000000e0000000,0x00000000e0004000,0x00000000eab00000)
 Metaspace       used 14418K, capacity 14894K, committed 14976K, reserved 1062912K
  class space    used 2016K, capacity 2163K, committed 2176K, reserved 1048576K
Event: 2.495 GC heap after
Heap after GC invocations=2 (full 0):
 PSYoungGen      total 76288K, used 9633K [0x00000000f5580000, 0x00000000faa80000, 0x0000000100000000)
  eden space 65536K, 0% used [0x00000000f5580000,0x00000000f5580000,0x00000000f9580000)
  from space 10752K, 89% used [0x00000000fa000000,0x00000000fa968500,0x00000000faa80000)
  to   space 10752K, 0% used [0x00000000f9580000,0x00000000f9580000,0x00000000fa000000)
 ParOldGen       total 175104K, used 24K [0x00000000e0000000, 0x00000000eab00000, 0x00000000f5580000)
  object space 175104K, 0% used [0x00000000e0000000,0x00000000e0006000,0x00000000eab00000)
 Metaspace       used 14418K, capacity 14894K, committed 14976K, reserved 1062912K
  class space    used 2016K, capacity 2163K, committed 2176K, reserved 1048576K
}

Deoptimization events (10 events):
Event: 2.174 Thread 0x0000020581449800 Uncommon trap: reason=bimorphic action=maybe_recompile pc=0x00000205ee411594 method=java.util.HashMap.putVal(ILjava/lang/Object;Ljava/lang/Object;ZZ)Ljava/lang/Object; @ 253
Event: 2.438 Thread 0x0000020581449800 Uncommon trap: reason=class_check action=maybe_recompile pc=0x00000205ee4f6e44 method=java.util.regex.Matcher.match(II)Z @ 86
Event: 2.450 Thread 0x0000020581449800 Uncommon trap: reason=class_check action=maybe_recompile pc=0x00000205ee4f6e44 method=java.util.regex.Matcher.match(II)Z @ 86
Event: 2.451 Thread 0x0000020581449800 Uncommon trap: reason=class_check action=maybe_recompile pc=0x00000205ee4f6e44 method=java.util.regex.Matcher.match(II)Z @ 86
Event: 2.451 Thread 0x0000020581449800 Uncommon trap: reason=class_check action=maybe_recompile pc=0x00000205ee36df28 method=java.util.regex.Matcher.match(II)Z @ 86
Event: 2.520 Thread 0x0000020581449800 Uncommon trap: reason=unstable_if action=reinterpret pc=0x00000205ee4e4b7c method=java.io.File.getName()Ljava/lang/String; @ 16
Event: 2.520 Thread 0x0000020581449800 Uncommon trap: reason=unstable_if action=reinterpret pc=0x00000205ee4e3adc method=java.lang.String.substring(I)Ljava/lang/String; @ 35
Event: 2.782 Thread 0x0000020581449800 Uncommon trap: reason=unstable_if action=reinterpret pc=0x00000205ee4e4030 method=java.util.LinkedHashMap.afterNodeInsertion(Z)V @ 1
Event: 2.783 Thread 0x0000020581449800 Uncommon trap: reason=unstable_if action=reinterpret pc=0x00000205ee432584 method=java.util.HashMap.getNode(ILjava/lang/Object;)Ljava/util/HashMap$Node; @ 129
Event: 2.783 Thread 0x0000020581449800 Uncommon trap: reason=unstable_if action=reinterpret pc=0x00000205ee41c190 method=java.util.HashMap.getNode(ILjava/lang/Object;)Ljava/util/HashMap$Node; @ 129

Classes redefined (0 events):
No events

Internal exceptions (10 events):
Event: 0.695 Thread 0x00000205ec7a1000 Exception <a 'java/lang/ArrayIndexOutOfBoundsException'> (0x00000000f6bda9b8) thrown at [C:\jenkins\workspace\8-2-build-windows-amd64-cygwin\jdk8u281\880\hotspot\src\share\vm\runtime\sharedRuntime.cpp, line 609]
Event: 0.695 Thread 0x00000205ec7a1000 Exception <a 'java/lang/ArrayIndexOutOfBoundsException'> (0x00000000f6be8750) thrown at [C:\jenkins\workspace\8-2-build-windows-amd64-cygwin\jdk8u281\880\hotspot\src\share\vm\runtime\sharedRuntime.cpp, line 609]
Event: 0.696 Thread 0x00000205ec7a1000 Exception <a 'java/lang/ArrayIndexOutOfBoundsException'> (0x00000000f6bffb00) thrown at [C:\jenkins\workspace\8-2-build-windows-amd64-cygwin\jdk8u281\880\hotspot\src\share\vm\runtime\sharedRuntime.cpp, line 609]
Event: 0.696 Thread 0x00000205ec7a1000 Exception <a 'java/lang/ArrayIndexOutOfBoundsException'> (0x00000000f6c04ad8) thrown at [C:\jenkins\workspace\8-2-build-windows-amd64-cygwin\jdk8u281\880\hotspot\src\share\vm\runtime\sharedRuntime.cpp, line 609]
Event: 2.084 Thread 0x00000205ec7a1000 Exception <a 'java/io/IOException'> (0x00000000f7222c68) thrown at [C:\jenkins\workspace\8-2-build-windows-amd64-cygwin\jdk8u281\880\hotspot\src\share\vm\prims\jni.cpp, line 710]
Event: 2.394 Thread 0x0000020581449800 Exception <a 'java/lang/NoSuchMethodError': java.lang.Object.lambda$static$0(Lorg/gradle/internal/state/ModelObject;)Ljava/lang/String;> (0x00000000f8a3fe98) thrown at [C:\jenkins\workspace\8-2-build-windows-amd64-cygwin\jdk8u281\880\hotspot\src\share\vm\
Event: 2.562 Thread 0x0000020581449800 Exception <a 'java/lang/NoSuchMethodError': java.lang.Object.lambda$and$0(Ljava/util/function/Predicate;Ljava/lang/Object;)Z> (0x00000000f5b40ff8) thrown at [C:\jenkins\workspace\8-2-build-windows-amd64-cygwin\jdk8u281\880\hotspot\src\share\vm\interpreter
Event: 2.567 Thread 0x0000020581449800 Exception <a 'java/lang/IncompatibleClassChangeError': Found class java.lang.Object, but interface was expected> (0x00000000f5b51488) thrown at [C:\jenkins\workspace\8-2-build-windows-amd64-cygwin\jdk8u281\880\hotspot\src\share\vm\interpreter\linkResolver
Event: 2.569 Thread 0x0000020581449800 Exception <a 'java/lang/NoSuchMethodError': java.lang.Object.lambda$or$2(Ljava/util/function/Predicate;Ljava/lang/Object;)Z> (0x00000000f5b56238) thrown at [C:\jenkins\workspace\8-2-build-windows-amd64-cygwin\jdk8u281\880\hotspot\src\share\vm\interpreter\
Event: 2.593 Thread 0x0000020581449800 Exception <a 'java/lang/NoSuchMethodError': java.lang.Object.lambda$comparing$77a9974f$1(Ljava/util/function/Function;Ljava/lang/Object;Ljava/lang/Object;)I> (0x00000000f5ef22b8) thrown at [C:\jenkins\workspace\8-2-build-windows-amd64-cygwin\jdk8u281\880\

Events (10 events):
Event: 2.889 loading class org/gradle/plugin/use/resolve/internal/PluginResolution
Event: 2.889 loading class org/gradle/plugin/use/resolve/internal/PluginResolution done
Event: 2.889 loading class sun/management/RuntimeImpl
Event: 2.889 loading class java/lang/management/RuntimeMXBean
Event: 2.890 loading class java/lang/management/RuntimeMXBean done
Event: 2.890 loading class sun/management/RuntimeImpl done
Event: 2.890 loading class sun/management/Util
Event: 2.890 loading class sun/management/Util done
Event: 2.890 loading class java/lang/management/ManagementPermission
Event: 2.890 loading class java/lang/management/ManagementPermission done


Dynamic libraries:
0x00007ff6616a0000 - 0x00007ff6616e7000 	C:\Program Files\Java\jdk1.8.0_281\bin\java.exe
0x00007ffc552d0000 - 0x00007ffc554c5000 	C:\Windows\SYSTEM32\ntdll.dll
0x00007ffc53a70000 - 0x00007ffc53b2d000 	C:\Windows\System32\KERNEL32.DLL
0x00007ffc52ea0000 - 0x00007ffc53168000 	C:\Windows\System32\KERNELBASE.dll
0x00007ffc53330000 - 0x00007ffc533dc000 	C:\Windows\System32\ADVAPI32.dll
0x00007ffc533f0000 - 0x00007ffc5348e000 	C:\Windows\System32\msvcrt.dll
0x00007ffc539b0000 - 0x00007ffc53a4b000 	C:\Windows\System32\sechost.dll
0x00007ffc54800000 - 0x00007ffc5492b000 	C:\Windows\System32\RPCRT4.dll
0x00007ffc53b30000 - 0x00007ffc53cd0000 	C:\Windows\System32\USER32.dll
0x00007ffc52c10000 - 0x00007ffc52c32000 	C:\Windows\System32\win32u.dll
0x00007ffc55070000 - 0x00007ffc5509a000 	C:\Windows\System32\GDI32.dll
0x00007ffc53170000 - 0x00007ffc5327b000 	C:\Windows\System32\gdi32full.dll
0x00007ffc52a10000 - 0x00007ffc52aad000 	C:\Windows\System32\msvcp_win.dll
0x00007ffc52da0000 - 0x00007ffc52ea0000 	C:\Windows\System32\ucrtbase.dll
0x00007ffc42790000 - 0x00007ffc42a2a000 	C:\Windows\WinSxS\amd64_microsoft.windows.common-controls_6595b64144ccf1df_6.0.19041.844_none_ca00b6081b84eb1d\COMCTL32.dll
0x00007ffc54930000 - 0x00007ffc54960000 	C:\Windows\System32\IMM32.DLL
0x00007ffc3e420000 - 0x00007ffc3e435000 	C:\Program Files\Java\jdk1.8.0_281\jre\bin\vcruntime140.dll
0x00007ffbf2c70000 - 0x00007ffbf2d0b000 	C:\Program Files\Java\jdk1.8.0_281\jre\bin\msvcp140.dll
0x0000000061e10000 - 0x000000006266f000 	C:\Program Files\Java\jdk1.8.0_281\jre\bin\server\jvm.dll
0x00007ffc533e0000 - 0x00007ffc533e8000 	C:\Windows\System32\PSAPI.DLL
0x00007ffc433a0000 - 0x00007ffc433c7000 	C:\Windows\SYSTEM32\WINMM.dll
0x00007ffc4b530000 - 0x00007ffc4b539000 	C:\Windows\SYSTEM32\WSOCK32.dll
0x00007ffc4c9e0000 - 0x00007ffc4c9ea000 	C:\Windows\SYSTEM32\VERSION.dll
0x00007ffc53820000 - 0x00007ffc5388b000 	C:\Windows\System32\WS2_32.dll
0x00007ffc50960000 - 0x00007ffc50972000 	C:\Windows\SYSTEM32\kernel.appcore.dll
0x00007ffc42750000 - 0x00007ffc42760000 	C:\Program Files\Java\jdk1.8.0_281\jre\bin\verify.dll
0x00007ffc0f970000 - 0x00007ffc0f99b000 	C:\Program Files\Java\jdk1.8.0_281\jre\bin\java.dll
0x00007ffc3ded0000 - 0x00007ffc3dee8000 	C:\Program Files\Java\jdk1.8.0_281\jre\bin\zip.dll
0x00007ffc53d30000 - 0x00007ffc54472000 	C:\Windows\System32\SHELL32.dll
0x00007ffc50b60000 - 0x00007ffc512f0000 	C:\Windows\SYSTEM32\windows.storage.dll
0x00007ffc54480000 - 0x00007ffc547d5000 	C:\Windows\System32\combase.dll
0x00007ffc52480000 - 0x00007ffc524ac000 	C:\Windows\SYSTEM32\Wldp.dll
0x00007ffc55180000 - 0x00007ffc5522e000 	C:\Windows\System32\SHCORE.dll
0x00007ffc54960000 - 0x00007ffc549b5000 	C:\Windows\System32\shlwapi.dll
0x00007ffc52950000 - 0x00007ffc5296f000 	C:\Windows\SYSTEM32\profapi.dll
0x00007ffc3bd00000 - 0x00007ffc3bd1c000 	C:\Program Files\Java\jdk1.8.0_281\jre\bin\net.dll
0x00007ffc521f0000 - 0x00007ffc5225a000 	C:\Windows\system32\mswsock.dll
0x00007ffc3ad90000 - 0x00007ffc3ada3000 	C:\Program Files\Java\jdk1.8.0_281\jre\bin\nio.dll
0x00007ffc0f9a0000 - 0x00007ffc0f9c6000 	C:\Users\TAN\.gradle\native\fdc75f09e3144964f2cf3f50f0aa648679c211496f362492102eb8c894070792\windows-amd64\native-platform.dll
0x00007ffbf2d10000 - 0x00007ffbf2ea1000 	C:\Users\TAN\.gradle\native\12488b8bf47d2d4c9fbf2f6322a914ad602e24e48041cd04a747c6da556b65c4\windows-amd64\native-platform-file-events.dll
0x00007ffc42510000 - 0x00007ffc4251d000 	C:\Program Files\Java\jdk1.8.0_281\jre\bin\management.dll
0x00007ffc523c0000 - 0x00007ffc523d8000 	C:\Windows\SYSTEM32\CRYPTSP.dll
0x00007ffc51b20000 - 0x00007ffc51b54000 	C:\Windows\system32\rsaenh.dll
0x00007ffc52d70000 - 0x00007ffc52d97000 	C:\Windows\System32\bcrypt.dll
0x00007ffc528d0000 - 0x00007ffc528fe000 	C:\Windows\SYSTEM32\USERENV.dll
0x00007ffc52c90000 - 0x00007ffc52d10000 	C:\Windows\System32\bcryptprimitives.dll
0x00007ffc523e0000 - 0x00007ffc523ec000 	C:\Windows\SYSTEM32\CRYPTBASE.dll
0x00007ffc51e90000 - 0x00007ffc51ecb000 	C:\Windows\SYSTEM32\IPHLPAPI.DLL
0x00007ffc547f0000 - 0x00007ffc547f8000 	C:\Windows\System32\NSI.dll
0x00007ffc4ba20000 - 0x00007ffc4ba37000 	C:\Windows\SYSTEM32\dhcpcsvc6.DLL
0x00007ffc4bd80000 - 0x00007ffc4bd9d000 	C:\Windows\SYSTEM32\dhcpcsvc.DLL
0x00007ffc51ee0000 - 0x00007ffc51fac000 	C:\Windows\SYSTEM32\DNSAPI.dll
0x00007ffc4bff0000 - 0x00007ffc4bffb000 	C:\Windows\SYSTEM32\WINNSI.DLL

VM Arguments:
jvm_args: -XX:MaxMetaspaceSize=256m -XX:+HeapDumpOnOutOfMemoryError -Xms256m -Xmx512m -Dfile.encoding=windows-1252 -Duser.country=GB -Duser.language=en -Duser.variant -Xmx512M 
java_command: org.gradle.launcher.daemon.bootstrap.GradleDaemon 6.7
java_class_path (initial): C:\Users\TAN\.gradle\wrapper\dists\gradle-6.7-all\cuy9mc7upwgwgeb72wkcrupxe\gradle-6.7\lib\gradle-launcher-6.7.jar
Launcher Type: SUN_STANDARD

Environment Variables:
_JAVA_OPTIONS=-Xmx512M
CLASSPATH=D:\ReactNative\Final\HouseCoff\android\\gradle\wrapper\gradle-wrapper.jar
PATH=D:\ReactNative\Final\HouseCoff\android\node_modules\.bin;D:\ReactNative\Final\HouseCoff\node_modules\.bin;D:\ReactNative\Final\node_modules\.bin;D:\ReactNative\node_modules\.bin;D:\node_modules\.bin;D:\app\NodeJS;D:\ReactNative\Final\HouseCoff\node_modules\.bin;C:\Program Files\Python39\Scripts\;C:\Program Files\Python39\;C:\Program Files (x86)\Common Files\Oracle\Java\javapath;C:\Windows\system32;C:\Windows;C:\Windows\System32\Wbem;C:\Windows\System32\WindowsPowerShell\v1.0\;C:\Windows\System32\OpenSSH\;C:\Program Files (x86)\NVIDIA Corporation\PhysX\Common;D:\app\NodeJS\;D:\app\git\Git\cmd;%LOCALAPPDATA%\Android\Sdk\platform-tools;"C:\Program Files\Java\jre6\bin;F:\JDK\bin";C:\Program Files\Java\jre1.8.0_281\bin;D:\app\android studio\jre;C:\Users\TAN\AppData\Local\Microsoft\WindowsApps;C:\Users\TAN\AppData\Roaming\npm;D:\app\vsc\Microsoft VS Code\bin
USERNAME=TAN
OS=Windows_NT
PROCESSOR_IDENTIFIER=Intel64 Family 6 Model 158 Stepping 10, GenuineIntel



---------------  S Y S T E M  ---------------

OS: Windows 10.0 , 64 bit Build 19041 (10.0.19041.928)

CPU:total 8 (initial active 8) (4 cores per cpu, 2 threads per core) family 6 model 158 stepping 10, cmov, cx8, fxsr, mmx, sse, sse2, sse3, ssse3, sse4.1, sse4.2, popcnt, avx, avx2, aes, clmul, erms, 3dnowpref, lzcnt, ht, tsc, tscinvbit, bmi1, bmi2, adx

Memory: 4k page, physical 16629184k(1703624k free), swap 32052984k(4376k free)

vm_info: Java HotSpot(TM) 64-Bit Server VM (25.281-b09) for windows-amd64 JRE (1.8.0_281-b09), built on Dec  9 2020 13:54:07 by "" with MS VC++ 15.9 (VS2017)

time: Wed May 26 13:44:44 2021
timezone: SE Asia Standard Time
elapsed time: 2.907024 seconds (0d 0h 0m 2s)

